c:\users\pg12harish\documents\c++ assignments\enginexforstudent\outgame\vc141.pdb
c:\users\pg12harish\documents\c++ assignments\enginexforstudent\outgame\inputstate.obj
c:\users\pg12harish\documents\c++ assignments\enginexforstudent\outgame\inputmanager.obj
c:\users\pg12harish\documents\c++ assignments\enginexforstudent\outgame\gamemanager.obj
c:\users\pg12harish\documents\c++ assignments\enginexforstudent\outgame\rectangleobject.obj
c:\users\pg12harish\documents\c++ assignments\enginexforstudent\outgame\gameobject.obj
c:\users\pg12harish\documents\c++ assignments\enginexforstudent\outgame\circleobject.obj
c:\users\pg12harish\documents\c++ assignments\enginexforstudent\outgame\paddle.obj
c:\users\pg12harish\documents\c++ assignments\enginexforstudent\outgame\main.obj
c:\users\pg12harish\documents\c++ assignments\enginexforstudent\outgame\game.obj
c:\users\pg12harish\documents\c++ assignments\enginexforstudent\outgame\ball.obj
c:\users\pg12harish\documents\c++ assignments\enginexforstudent\outgame\physicsmanager.obj
c:\users\pg12harish\documents\c++ assignments\enginexforstudent\build\gameenginex.exe
c:\users\pg12harish\documents\c++ assignments\enginexforstudent\build\gameenginex.pdb
c:\users\pg12harish\documents\c++ assignments\enginexforstudent\outgame\gameenginex.tlog\cl.command.1.tlog
c:\users\pg12harish\documents\c++ assignments\enginexforstudent\outgame\gameenginex.tlog\cl.read.1.tlog
c:\users\pg12harish\documents\c++ assignments\enginexforstudent\outgame\gameenginex.tlog\cl.write.1.tlog
c:\users\pg12harish\documents\c++ assignments\enginexforstudent\outgame\gameenginex.tlog\link.command.1.tlog
c:\users\pg12harish\documents\c++ assignments\enginexforstudent\outgame\gameenginex.tlog\link.read.1.tlog
c:\users\pg12harish\documents\c++ assignments\enginexforstudent\outgame\gameenginex.tlog\link.write.1.tlog
