c:\users\pg12harish\documents\let them come\outgame\vc141.pdb
c:\users\pg12harish\documents\let them come\outgame\vc141.idb
c:\users\pg12harish\documents\let them come\outgame\cogshape.obj
c:\users\pg12harish\documents\let them come\outgame\cogreticle.obj
c:\users\pg12harish\documents\let them come\outgame\cogpulsedisruption_turretstate.obj
c:\users\pg12harish\documents\let them come\outgame\cogphysics.obj
c:\users\pg12harish\documents\let them come\outgame\coglineshape.obj
c:\users\pg12harish\documents\let them come\outgame\coglinecircleshape.obj
c:\users\pg12harish\documents\let them come\outgame\cogfriendlymissile.obj
c:\users\pg12harish\documents\let them come\outgame\cogfiremode.obj
c:\users\pg12harish\documents\let them come\outgame\cogfinitestatemachine_state.obj
c:\users\pg12harish\documents\let them come\outgame\cogfinitestatemachine.obj
c:\users\pg12harish\documents\let them come\outgame\cogexplode.obj
c:\users\pg12harish\documents\let them come\outgame\cogenemyspawner.obj
c:\users\pg12harish\documents\let them come\outgame\cogenemycontroller.obj
c:\users\pg12harish\documents\let them come\outgame\cogdestroywhenoutofbounds.obj
c:\users\pg12harish\documents\let them come\outgame\cogdestroyoncollisionwith.obj
c:\users\pg12harish\documents\let them come\outgame\cogdamageoncollisionwithturret.obj
c:\users\pg12harish\documents\let them come\outgame\cogcircleshape.obj
c:\users\pg12harish\documents\let them come\outgame\cogbulletstorm_turretstate.obj
c:\users\pg12harish\documents\let them come\outgame\cogbullet.obj
c:\users\pg12harish\documents\let them come\outgame\cogboxshape.obj
c:\users\pg12harish\documents\let them come\outgame\output.obj
c:\users\pg12harish\documents\let them come\outgame\mathf.obj
c:\users\pg12harish\documents\let them come\outgame\main.obj
c:\users\pg12harish\documents\let them come\outgame\inputstate.obj
c:\users\pg12harish\documents\let them come\outgame\inputmanager.obj
c:\users\pg12harish\documents\let them come\outgame\gameobjectmanager.obj
c:\users\pg12harish\documents\let them come\outgame\gameobjectinventory.obj
c:\users\pg12harish\documents\let them come\outgame\gameobjecthandle.obj
c:\users\pg12harish\documents\let them come\outgame\gameobject.obj
c:\users\pg12harish\documents\let them come\outgame\game.obj
c:\users\pg12harish\documents\let them come\outgame\component.obj
c:\users\pg12harish\documents\let them come\outgame\cogturret.obj
c:\users\pg12harish\documents\let them come\outgame\cogtransform.obj
c:\users\pg12harish\documents\let them come\outgame\cogtextrenderer.obj
c:\users\pg12harish\documents\let them come\outgame\cogtargettedmissiles_turretstate.obj
c:\users\pg12harish\documents\let them come\build\gameenginexd.exe
c:\users\pg12harish\documents\let them come\build\gameenginexd.ilk
c:\users\pg12harish\documents\let them come\build\gameenginexd.pdb
c:\users\pg12harish\documents\let them come\outgame\ball.obj
c:\users\pg12harish\documents\let them come\outgame\circleobject.obj
c:\users\pg12harish\documents\let them come\outgame\city.obj
c:\users\pg12harish\documents\let them come\outgame\cogarmory.obj
c:\users\pg12harish\documents\let them come\outgame\cogbounce.obj
c:\users\pg12harish\documents\let them come\outgame\cogenemymissile.obj
c:\users\pg12harish\documents\let them come\outgame\cogenemymissilelauncher.obj
c:\users\pg12harish\documents\let them come\outgame\coggameevent.obj
c:\users\pg12harish\documents\let them come\outgame\coginputreader.obj
c:\users\pg12harish\documents\let them come\outgame\cogmovedown.obj
c:\users\pg12harish\documents\let them come\outgame\cogmoveup.obj
c:\users\pg12harish\documents\let them come\outgame\cogscoredevent.obj
c:\users\pg12harish\documents\let them come\outgame\cogsilo.obj
c:\users\pg12harish\documents\let them come\outgame\enemymissilelauncher.obj
c:\users\pg12harish\documents\let them come\outgame\explosion.obj
c:\users\pg12harish\documents\let them come\outgame\gameeventmanager.obj
c:\users\pg12harish\documents\let them come\outgame\gameobjectfactory.obj
c:\users\pg12harish\documents\let them come\outgame\igameevent.obj
c:\users\pg12harish\documents\let them come\outgame\missile.obj
c:\users\pg12harish\documents\let them come\outgame\paddle.obj
c:\users\pg12harish\documents\let them come\outgame\physicsmanager.obj
c:\users\pg12harish\documents\let them come\outgame\player.obj
c:\users\pg12harish\documents\let them come\outgame\playercontroller.obj
c:\users\pg12harish\documents\let them come\outgame\playermissile.obj
c:\users\pg12harish\documents\let them come\outgame\rectangleobject.obj
c:\users\pg12harish\documents\let them come\outgame\reticle.obj
c:\users\pg12harish\documents\let them come\outgame\silo.obj
c:\users\pg12harish\documents\let them come\outgame\world.obj
c:\users\pg12harish\documents\let them come\outgame\cogarmory.obj.enc
c:\users\pg12harish\documents\let them come\outgame\cogenemymissilelauncher.obj.enc
c:\users\pg12harish\documents\let them come\outgame\cogphysics.obj.enc
c:\users\pg12harish\documents\let them come\outgame\game.obj.enc
c:\users\pg12harish\documents\let them come\outgame\gameenginex.tlog\cl.command.1.tlog
c:\users\pg12harish\documents\let them come\outgame\gameenginex.tlog\cl.read.1.tlog
c:\users\pg12harish\documents\let them come\outgame\gameenginex.tlog\cl.write.1.tlog
c:\users\pg12harish\documents\let them come\outgame\gameenginex.tlog\link.command.1.tlog
c:\users\pg12harish\documents\let them come\outgame\gameenginex.tlog\link.read.1.tlog
c:\users\pg12harish\documents\let them come\outgame\gameenginex.tlog\link.write.1.tlog
